<?xml version="1.0" encoding="UTF-8"?>
<testng-results ignored="0" total="3" passed="3" failed="0" skipped="0">
  <reporter-output>
  </reporter-output>
  <suite started-at="2023-02-16T22:30:47 CST" name="InternetBankingV2" finished-at="2023-02-16T22:31:54 CST" duration-ms="67537">
    <groups>
    </groups>
    <test started-at="2023-02-16T22:30:47 CST" name="LoginTest001" finished-at="2023-02-16T22:31:11 CST" duration-ms="24236">
      <class name="com.internetBankingV2.testCases.TC_LoginTest_001">
        <test-method is-config="true" signature="setUp()[pri:0, instance:com.internetBankingV2.testCases.TC_LoginTest_001@6c80d78a]" started-at="2023-02-16T22:30:47 CST" name="setUp" finished-at="2023-02-16T22:30:51 CST" duration-ms="3427" status="PASS">
          <reporter-output>
          </reporter-output>
        </test-method> <!-- setUp -->
        <test-method signature="loginTest1()[pri:0, instance:com.internetBankingV2.testCases.TC_LoginTest_001@6c80d78a]" started-at="2023-02-16T22:30:51 CST" name="loginTest1" finished-at="2023-02-16T22:31:04 CST" duration-ms="12923" status="PASS">
          <reporter-output>
          </reporter-output>
        </test-method> <!-- loginTest1 -->
        <test-method is-config="true" signature="tearDown()[pri:0, instance:com.internetBankingV2.testCases.TC_LoginTest_001@6c80d78a]" started-at="2023-02-16T22:31:04 CST" name="tearDown" finished-at="2023-02-16T22:31:11 CST" duration-ms="7440" status="PASS">
          <reporter-output>
          </reporter-output>
        </test-method> <!-- tearDown -->
      </class> <!-- com.internetBankingV2.testCases.TC_LoginTest_001 -->
    </test> <!-- LoginTest001 -->
    <test started-at="2023-02-16T22:31:12 CST" name="LoginTest002" finished-at="2023-02-16T22:31:27 CST" duration-ms="14886">
      <class name="com.internetBankingV2.testCases.TC_LoginTest_002">
        <test-method is-config="true" signature="setUp(java.lang.String)[pri:0, instance:com.internetBankingV2.testCases.TC_LoginTest_002@16293aa2]" started-at="2023-02-16T22:31:12 CST" name="setUp" finished-at="2023-02-16T22:31:13 CST" duration-ms="1233" status="PASS">
          <params>
            <param index="0">
              <value>
                <![CDATA[chrome]]>
              </value>
            </param>
          </params>
          <reporter-output>
          </reporter-output>
        </test-method> <!-- setUp -->
        <test-method signature="loginTest2()[pri:0, instance:com.internetBankingV2.testCases.TC_LoginTest_002@16293aa2]" started-at="2023-02-16T22:31:13 CST" name="loginTest2" finished-at="2023-02-16T22:31:26 CST" duration-ms="13079" status="PASS">
          <reporter-output>
          </reporter-output>
        </test-method> <!-- loginTest2 -->
        <test-method is-config="true" signature="tearDown()[pri:0, instance:com.internetBankingV2.testCases.TC_LoginTest_002@16293aa2]" started-at="2023-02-16T22:31:26 CST" name="tearDown" finished-at="2023-02-16T22:31:27 CST" duration-ms="566" status="PASS">
          <reporter-output>
          </reporter-output>
        </test-method> <!-- tearDown -->
      </class> <!-- com.internetBankingV2.testCases.TC_LoginTest_002 -->
    </test> <!-- LoginTest002 -->
    <test started-at="2023-02-16T22:31:27 CST" name="AddNewCustomerTest004" finished-at="2023-02-16T22:31:54 CST" duration-ms="27814">
      <class name="com.internetBankingV2.testCases.TC_AddCustomer_004">
        <test-method is-config="true" signature="setUp()[pri:0, instance:com.internetBankingV2.testCases.TC_AddCustomer_004@399f45b1]" started-at="2023-02-16T22:31:27 CST" name="setUp" finished-at="2023-02-16T22:31:30 CST" duration-ms="2866" status="PASS">
          <reporter-output>
          </reporter-output>
        </test-method> <!-- setUp -->
        <test-method signature="addNewCustomer()[pri:0, instance:com.internetBankingV2.testCases.TC_AddCustomer_004@399f45b1]" started-at="2023-02-16T22:31:30 CST" name="addNewCustomer" finished-at="2023-02-16T22:31:49 CST" duration-ms="19398" status="PASS">
          <reporter-output>
          </reporter-output>
        </test-method> <!-- addNewCustomer -->
        <test-method is-config="true" signature="tearDown()[pri:0, instance:com.internetBankingV2.testCases.TC_AddCustomer_004@399f45b1]" started-at="2023-02-16T22:31:49 CST" name="tearDown" finished-at="2023-02-16T22:31:54 CST" duration-ms="5540" status="PASS">
          <reporter-output>
          </reporter-output>
        </test-method> <!-- tearDown -->
      </class> <!-- com.internetBankingV2.testCases.TC_AddCustomer_004 -->
    </test> <!-- AddNewCustomerTest004 -->
  </suite> <!-- InternetBankingV2 -->
</testng-results>
