<?xml version="1.0" encoding="UTF-8"?>
<testng-results ignored="0" total="6" passed="5" failed="1" skipped="0">
  <reporter-output>
  </reporter-output>
  <suite started-at="2023-02-16T14:56:06 CST" name="InternetBankingV2" finished-at="2023-02-16T14:57:35 CST" duration-ms="88877">
    <groups>
    </groups>
    <test started-at="2023-02-16T14:56:06 CST" name="LoginTest001" finished-at="2023-02-16T14:56:19 CST" duration-ms="13023">
      <class name="com.internetBankingV2.testCases.TC_LoginTest_001">
        <test-method is-config="true" signature="setUp()[pri:0, instance:com.internetBankingV2.testCases.TC_LoginTest_001@6025e1b6]" started-at="2023-02-16T14:56:07 CST" name="setUp" finished-at="2023-02-16T14:56:09 CST" duration-ms="2070" status="PASS">
          <reporter-output>
          </reporter-output>
        </test-method> <!-- setUp -->
        <test-method signature="loginTest1()[pri:0, instance:com.internetBankingV2.testCases.TC_LoginTest_001@6025e1b6]" started-at="2023-02-16T14:56:09 CST" name="loginTest1" finished-at="2023-02-16T14:56:14 CST" duration-ms="5218" status="PASS">
          <reporter-output>
          </reporter-output>
        </test-method> <!-- loginTest1 -->
        <test-method is-config="true" signature="tearDown()[pri:0, instance:com.internetBankingV2.testCases.TC_LoginTest_001@6025e1b6]" started-at="2023-02-16T14:56:14 CST" name="tearDown" finished-at="2023-02-16T14:56:19 CST" duration-ms="5288" status="PASS">
          <reporter-output>
          </reporter-output>
        </test-method> <!-- tearDown -->
      </class> <!-- com.internetBankingV2.testCases.TC_LoginTest_001 -->
    </test> <!-- LoginTest001 -->
    <test started-at="2023-02-16T14:56:20 CST" name="LoginTest002" finished-at="2023-02-16T14:56:27 CST" duration-ms="7475">
      <class name="com.internetBankingV2.testCases.TC_LoginTest_002">
        <test-method is-config="true" signature="setUp(java.lang.String)[pri:0, instance:com.internetBankingV2.testCases.TC_LoginTest_002@1c1bbc4e]" started-at="2023-02-16T14:56:20 CST" name="setUp" finished-at="2023-02-16T14:56:20 CST" duration-ms="888" status="PASS">
          <params>
            <param index="0">
              <value>
                <![CDATA[chrome]]>
              </value>
            </param>
          </params>
          <reporter-output>
          </reporter-output>
        </test-method> <!-- setUp -->
        <test-method signature="loginTest2()[pri:0, instance:com.internetBankingV2.testCases.TC_LoginTest_002@1c1bbc4e]" started-at="2023-02-16T14:56:20 CST" name="loginTest2" finished-at="2023-02-16T14:56:27 CST" duration-ms="6369" status="PASS">
          <reporter-output>
          </reporter-output>
        </test-method> <!-- loginTest2 -->
        <test-method is-config="true" signature="tearDown()[pri:0, instance:com.internetBankingV2.testCases.TC_LoginTest_002@1c1bbc4e]" started-at="2023-02-16T14:56:27 CST" name="tearDown" finished-at="2023-02-16T14:56:27 CST" duration-ms="209" status="PASS">
          <reporter-output>
          </reporter-output>
        </test-method> <!-- tearDown -->
      </class> <!-- com.internetBankingV2.testCases.TC_LoginTest_002 -->
    </test> <!-- LoginTest002 -->
    <test started-at="2023-02-16T14:56:27 CST" name="LoginDDTTest003" finished-at="2023-02-16T14:57:15 CST" duration-ms="47600">
      <class name="com.internetBankingV2.testCases.TC_LoginTestDDT_003">
        <test-method is-config="true" signature="setUp(java.lang.String)[pri:0, instance:com.internetBankingV2.testCases.TC_LoginTestDDT_003@7d20d0b]" started-at="2023-02-16T14:56:27 CST" name="setUp" finished-at="2023-02-16T14:56:34 CST" duration-ms="6597" status="PASS">
          <params>
            <param index="0">
              <value>
                <![CDATA[edge]]>
              </value>
            </param>
          </params>
          <reporter-output>
          </reporter-output>
        </test-method> <!-- setUp -->
        <test-method signature="loginTestDDT(java.lang.String,java.lang.String)[pri:0, instance:com.internetBankingV2.testCases.TC_LoginTestDDT_003@7d20d0b]" started-at="2023-02-16T14:56:46 CST" name="loginTestDDT" data-provider="LoginData" finished-at="2023-02-16T14:57:00 CST" duration-ms="14300" status="PASS">
          <params>
            <param index="0">
              <value>
                <![CDATA[mngr266311]]>
              </value>
            </param>
            <param index="1">
              <value>
                <![CDATA[Admin123$]]>
              </value>
            </param>
          </params>
          <reporter-output>
          </reporter-output>
        </test-method> <!-- loginTestDDT -->
        <test-method signature="loginTestDDT(java.lang.String,java.lang.String)[pri:0, instance:com.internetBankingV2.testCases.TC_LoginTestDDT_003@7d20d0b]" started-at="2023-02-16T14:57:00 CST" name="loginTestDDT" data-provider="LoginData" finished-at="2023-02-16T14:57:10 CST" duration-ms="10121" status="PASS">
          <params>
            <param index="0">
              <value>
                <![CDATA[mngr478991 ]]>
              </value>
            </param>
            <param index="1">
              <value>
                <![CDATA[YdEtyta ]]>
              </value>
            </param>
          </params>
          <reporter-output>
          </reporter-output>
        </test-method> <!-- loginTestDDT -->
        <test-method signature="loginTestDDT(java.lang.String,java.lang.String)[pri:0, instance:com.internetBankingV2.testCases.TC_LoginTestDDT_003@7d20d0b]" started-at="2023-02-16T14:57:10 CST" name="loginTestDDT" data-provider="LoginData" finished-at="2023-02-16T14:57:14 CST" duration-ms="4121" status="FAIL">
          <params>
            <param index="0">
              <value>
                <![CDATA[mngr123456]]>
              </value>
            </param>
            <param index="1">
              <value>
                <![CDATA[Admin321$]]>
              </value>
            </param>
          </params>
          <exception class="org.openqa.selenium.UnhandledAlertException">
            <message>
              <![CDATA[unexpected alert open: {Alert text : User is not valid}
  (Session info: MicrosoftEdge=110.0.1587.46): User is not valid
Build info: version: '4.8.0', revision: '267030adea'
System info: os.name: 'Windows 10', os.arch: 'amd64', os.version: '10.0', java.version: '19.0.2'
Driver info: org.openqa.selenium.edge.EdgeDriver
Command: [51b878facdf19479cfa9adf4426ea063, screenshot {}]
Capabilities {acceptInsecureCerts: false, browserName: msedge, browserVersion: 110.0.1587.46, ms:edgeOptions: {debuggerAddress: localhost:59437}, msedge: {msedgedriverVersion: 110.0.1587.41 (dec2c0803210..., userDataDir: C:\Users\srika\AppData\Loca...}, networkConnectionEnabled: false, pageLoadStrategy: normal, platformName: WINDOWS, proxy: Proxy(), se:cdp: ws://localhost:59437/devtoo..., se:cdpVersion: 110.0.1587.46, setWindowRect: true, strictFileInteractability: false, timeouts: {implicit: 0, pageLoad: 300000, script: 30000}, unhandledPromptBehavior: dismiss and notify, webauthn:extension:credBlob: true, webauthn:extension:largeBlob: true, webauthn:virtualAuthenticators: true}
Session ID: 51b878facdf19479cfa9adf4426ea063]]>
            </message>
            <full-stacktrace>
              <![CDATA[org.openqa.selenium.UnhandledAlertException: unexpected alert open: {Alert text : User is not valid}
  (Session info: MicrosoftEdge=110.0.1587.46): User is not valid
Build info: version: '4.8.0', revision: '267030adea'
System info: os.name: 'Windows 10', os.arch: 'amd64', os.version: '10.0', java.version: '19.0.2'
Driver info: org.openqa.selenium.edge.EdgeDriver
Command: [51b878facdf19479cfa9adf4426ea063, screenshot {}]
Capabilities {acceptInsecureCerts: false, browserName: msedge, browserVersion: 110.0.1587.46, ms:edgeOptions: {debuggerAddress: localhost:59437}, msedge: {msedgedriverVersion: 110.0.1587.41 (dec2c0803210..., userDataDir: C:\Users\srika\AppData\Loca...}, networkConnectionEnabled: false, pageLoadStrategy: normal, platformName: WINDOWS, proxy: Proxy(), se:cdp: ws://localhost:59437/devtoo..., se:cdpVersion: 110.0.1587.46, setWindowRect: true, strictFileInteractability: false, timeouts: {implicit: 0, pageLoad: 300000, script: 30000}, unhandledPromptBehavior: dismiss and notify, webauthn:extension:credBlob: true, webauthn:extension:largeBlob: true, webauthn:virtualAuthenticators: true}
Session ID: 51b878facdf19479cfa9adf4426ea063
at org.openqa.selenium.remote.codec.w3c.W3CHttpResponseCodec.decode(W3CHttpResponseCodec.java:131)
at org.openqa.selenium.remote.codec.w3c.W3CHttpResponseCodec.decode(W3CHttpResponseCodec.java:53)
at org.openqa.selenium.remote.HttpCommandExecutor.execute(HttpCommandExecutor.java:184)
at org.openqa.selenium.remote.service.DriverCommandExecutor.invokeExecute(DriverCommandExecutor.java:167)
at org.openqa.selenium.remote.service.DriverCommandExecutor.execute(DriverCommandExecutor.java:142)
at org.openqa.selenium.remote.RemoteWebDriver.execute(RemoteWebDriver.java:543)
at org.openqa.selenium.remote.RemoteWebDriver.execute(RemoteWebDriver.java:598)
at org.openqa.selenium.remote.RemoteWebDriver.execute(RemoteWebDriver.java:602)
at org.openqa.selenium.remote.RemoteWebDriver.getScreenshotAs(RemoteWebDriver.java:318)
at com.internetBankingV2.testCases.BaseClass2.captureScreen(BaseClass2.java:82)
at com.internetBankingV2.testCases.TC_LoginTestDDT_003.loginTestDDT(TC_LoginTestDDT_003.java:79)
at java.base/jdk.internal.reflect.DirectMethodHandleAccessor.invoke(DirectMethodHandleAccessor.java:104)
at java.base/java.lang.reflect.Method.invoke(Method.java:578)
at org.testng.internal.invokers.MethodInvocationHelper.invokeMethod(MethodInvocationHelper.java:139)
at org.testng.internal.invokers.TestInvoker.invokeMethod(TestInvoker.java:677)
at org.testng.internal.invokers.TestInvoker.invokeTestMethod(TestInvoker.java:221)
at org.testng.internal.invokers.MethodRunner.runInSequence(MethodRunner.java:50)
at org.testng.internal.invokers.TestInvoker$MethodInvocationAgent.invoke(TestInvoker.java:969)
at org.testng.internal.invokers.TestInvoker.invokeTestMethods(TestInvoker.java:194)
at org.testng.internal.invokers.TestMethodWorker.invokeTestMethods(TestMethodWorker.java:148)
at org.testng.internal.invokers.TestMethodWorker.run(TestMethodWorker.java:128)
at java.base/java.util.ArrayList.forEach(ArrayList.java:1511)
at org.testng.TestRunner.privateRun(TestRunner.java:829)
at org.testng.TestRunner.run(TestRunner.java:602)
at org.testng.SuiteRunner.runTest(SuiteRunner.java:437)
at org.testng.SuiteRunner.runSequentially(SuiteRunner.java:431)
at org.testng.SuiteRunner.privateRun(SuiteRunner.java:391)
at org.testng.SuiteRunner.run(SuiteRunner.java:330)
at org.testng.SuiteRunnerWorker.runSuite(SuiteRunnerWorker.java:52)
at org.testng.SuiteRunnerWorker.run(SuiteRunnerWorker.java:95)
at org.testng.TestNG.runSuitesSequentially(TestNG.java:1256)
at org.testng.TestNG.runSuitesLocally(TestNG.java:1176)
at org.testng.TestNG.runSuites(TestNG.java:1099)
at org.testng.TestNG.run(TestNG.java:1067)
at org.testng.remote.AbstractRemoteTestNG.run(AbstractRemoteTestNG.java:115)
at org.testng.remote.RemoteTestNG.initAndRun(RemoteTestNG.java:251)
at org.testng.remote.RemoteTestNG.main(RemoteTestNG.java:77)
]]>
            </full-stacktrace>
          </exception> <!-- org.openqa.selenium.UnhandledAlertException -->
          <reporter-output>
          </reporter-output>
        </test-method> <!-- loginTestDDT -->
        <test-method is-config="true" signature="tearDown()[pri:0, instance:com.internetBankingV2.testCases.TC_LoginTestDDT_003@7d20d0b]" started-at="2023-02-16T14:57:14 CST" name="tearDown" finished-at="2023-02-16T14:57:15 CST" duration-ms="430" status="PASS">
          <reporter-output>
          </reporter-output>
        </test-method> <!-- tearDown -->
      </class> <!-- com.internetBankingV2.testCases.TC_LoginTestDDT_003 -->
    </test> <!-- LoginDDTTest003 -->
    <test started-at="2023-02-16T14:57:15 CST" name="AddNewCustomerTest004" finished-at="2023-02-16T14:57:35 CST" duration-ms="20127">
      <class name="com.internetBankingV2.testCases.TC_AddCustomer_004">
        <test-method is-config="true" signature="setUp()[pri:0, instance:com.internetBankingV2.testCases.TC_AddCustomer_004@38afe297]" started-at="2023-02-16T14:57:15 CST" name="setUp" finished-at="2023-02-16T14:57:19 CST" duration-ms="4402" status="PASS">
          <reporter-output>
          </reporter-output>
        </test-method> <!-- setUp -->
        <test-method signature="addNewCustomer()[pri:0, instance:com.internetBankingV2.testCases.TC_AddCustomer_004@38afe297]" started-at="2023-02-16T14:57:19 CST" name="addNewCustomer" finished-at="2023-02-16T14:57:30 CST" duration-ms="10453" status="PASS">
          <reporter-output>
          </reporter-output>
        </test-method> <!-- addNewCustomer -->
        <test-method is-config="true" signature="tearDown()[pri:0, instance:com.internetBankingV2.testCases.TC_AddCustomer_004@38afe297]" started-at="2023-02-16T14:57:30 CST" name="tearDown" finished-at="2023-02-16T14:57:35 CST" duration-ms="5265" status="PASS">
          <reporter-output>
          </reporter-output>
        </test-method> <!-- tearDown -->
      </class> <!-- com.internetBankingV2.testCases.TC_AddCustomer_004 -->
    </test> <!-- AddNewCustomerTest004 -->
  </suite> <!-- InternetBankingV2 -->
</testng-results>
